1499644635575	geckodriver	INFO	Listening on 127.0.0.1:50516
1499644636636	geckodriver::marionette	INFO	Starting browser /Applications/Firefox.app/Contents/MacOS/firefox-bin with args ["-marionette"]
1499644638343	Marionette	INFO	Listening on port 50527
1499644638420	Marionette	WARN	TLS certificate errors will be ignored for this session
1499644638566	Marionette	DEBUG	loaded listener.js
1499644638590	Marionette	DEBUG	Received DOM event "beforeunload" for "about:blank"
1499644638615	Marionette	DEBUG	Received DOM event "pagehide" for "about:blank"
1499644638615	Marionette	DEBUG	Received DOM event "unload" for "about:blank"
2017-07-10 09:57:18.646 plugin-container[58953:14967204] *** CFMessagePort: bootstrap_register(): failed 1100 (0x44c) 'Permission denied', port = 0x9d3b, name = 'com.apple.tsm.portname'
See /usr/include/servers/bootstrap_defs.h for the error codes.
2017-07-10 09:57:18.649 plugin-container[58953:14967204] *** CFMessagePort: bootstrap_register(): failed 1100 (0x44c) 'Permission denied', port = 0xa003, name = 'com.apple.CFPasteboardClient'
See /usr/include/servers/bootstrap_defs.h for the error codes.
1499644638739	Marionette	DEBUG	Received DOM event "DOMContentLoaded" for "http://localhost:5000/"
1499644638743	Marionette	DEBUG	Received DOM event "pageshow" for "http://localhost:5000/"
2017-07-10 09:57:25.359 firefox-bin[58951:14967042] IMKInputSession presentFunctionRowItemTextInputViewWithEndpoint:completionHandler: : [self textInputContext]=0x1443b54c0 *NO* NSRemoteViewController to client, NSError=Error Domain=NSCocoaErrorDomain Code=4097 "connection from pid 0" UserInfo={NSDebugDescription=connection from pid 0}, com.apple.inputmethod.EmojiFunctionRowItem
2017-07-10 10:04:06.215 firefox-bin[58951:14967042] IMKInputSession presentFunctionRowItemTextInputViewWithEndpoint:completionHandler: : [self textInputContext]=0x1237e4340 *NO* NSRemoteViewController to client, NSError=Error Domain=NSCocoaErrorDomain Code=4097 "connection from pid 0" UserInfo={NSDebugDescription=connection from pid 0}, com.apple.inputmethod.EmojiFunctionRowItem
2017-07-10 10:04:06.259 firefox-bin[58951:14967042] IMKInputSession presentFunctionRowItemTextInputViewWithEndpoint:completionHandler: : [self textInputContext]=0x1237e4340 *NO* NSRemoteViewController to client, NSError=Error Domain=NSCocoaErrorDomain Code=4097 "connection from pid 0" UserInfo={NSDebugDescription=connection from pid 0}, com.apple.inputmethod.EmojiFunctionRowItem
2017-07-10 10:04:06.551 plugin-container[59013:14985547] *** CFMessagePort: bootstrap_register(): failed 1100 (0x44c) 'Permission denied', port = 0x9c3b, name = 'com.apple.tsm.portname'
See /usr/include/servers/bootstrap_defs.h for the error codes.
2017-07-10 10:04:06.554 plugin-container[59013:14985547] *** CFMessagePort: bootstrap_register(): failed 1100 (0x44c) 'Permission denied', port = 0x9f03, name = 'com.apple.CFPasteboardClient'
See /usr/include/servers/bootstrap_defs.h for the error codes.
1499645050688	Marionette	INFO	Ceased listening
1499646001624	geckodriver	INFO	Listening on 127.0.0.1:50962
1499646002671	geckodriver::marionette	INFO	Starting browser /Applications/Firefox.app/Contents/MacOS/firefox-bin with args ["-marionette"]
1499646004252	Marionette	INFO	Listening on port 50971
1499646004333	Marionette	WARN	TLS certificate errors will be ignored for this session
1499646004461	Marionette	DEBUG	loaded listener.js
1499646004484	Marionette	DEBUG	Received DOM event "beforeunload" for "about:blank"
1499646004512	Marionette	DEBUG	Received DOM event "beforeunload" for "about:blank"
2017-07-10 10:20:04.531 plugin-container[59375:15100074] *** CFMessagePort: bootstrap_register(): failed 1100 (0x44c) 'Permission denied', port = 0x9c33, name = 'com.apple.tsm.portname'
See /usr/include/servers/bootstrap_defs.h for the error codes.
2017-07-10 10:20:04.533 plugin-container[59375:15100074] *** CFMessagePort: bootstrap_register(): failed 1100 (0x44c) 'Permission denied', port = 0x9f03, name = 'com.apple.CFPasteboardClient'
See /usr/include/servers/bootstrap_defs.h for the error codes.
1499646004539	Marionette	DEBUG	Received DOM event "pagehide" for "about:blank"
1499646004539	Marionette	DEBUG	Received DOM event "unload" for "about:blank"
1499646004584	Marionette	DEBUG	Received DOM event "DOMContentLoaded" for "about:neterror?e=connectionFailure&u=http%3A//localhost%3A5000/&c=UTF-8&f=regular&d=Firefox%20can%E2%80%99t%20establish%20a%20connection%20to%20the%20server%20at%20localhost%3A5000."
2017-07-10 10:20:09.587 firefox-bin[59373:15099960] IMKInputSession presentFunctionRowItemTextInputViewWithEndpoint:completionHandler: : [self textInputContext]=0x1284f35e0 *NO* NSRemoteViewController to client, NSError=Error Domain=NSCocoaErrorDomain Code=4097 "connection from pid 0" UserInfo={NSDebugDescription=connection from pid 0}, com.apple.inputmethod.EmojiFunctionRowItem
2017-07-10 10:21:30.079 firefox-bin[59373:15099960] IMKInputSession presentFunctionRowItemTextInputViewWithEndpoint:completionHandler: : [self textInputContext]=0x1284f35e0 *NO* NSRemoteViewController to client, NSError=Error Domain=NSCocoaErrorDomain Code=4097 "connection from pid 0" UserInfo={NSDebugDescription=connection from pid 0}, com.apple.inputmethod.EmojiFunctionRowItem
2017-07-10 10:21:32.011 firefox-bin[59373:15099960] IMKInputSession presentFunctionRowItemTextInputViewWithEndpoint:completionHandler: : [self textInputContext]=0x1284f35e0 *NO* NSRemoteViewController to client, NSError=Error Domain=NSCocoaErrorDomain Code=4097 "connection from pid 0" UserInfo={NSDebugDescription=connection from pid 0}, com.apple.inputmethod.EmojiFunctionRowItem
2017-07-10 10:21:39.181 firefox-bin[59373:15099960] IMKInputSession presentFunctionRowItemTextInputViewWithEndpoint:completionHandler: : [self textInputContext]=0x1284f35e0 *NO* NSRemoteViewController to client, NSError=Error Domain=NSCocoaErrorDomain Code=4097 "connection from pid 0" UserInfo={NSDebugDescription=connection from pid 0}, com.apple.inputmethod.EmojiFunctionRowItem
1499646099422	Marionette	INFO	Ceased listening
1499646421826	geckodriver	INFO	Listening on 127.0.0.1:51172
1499646422875	geckodriver::marionette	INFO	Starting browser /Applications/Firefox.app/Contents/MacOS/firefox-bin with args ["-marionette"]
1499646424534	Marionette	INFO	Listening on port 51181
1499646424633	Marionette	WARN	TLS certificate errors will be ignored for this session
1499646424754	Marionette	DEBUG	loaded listener.js
1499646424778	Marionette	DEBUG	Received DOM event "beforeunload" for "about:blank"
2017-07-10 10:27:04.823 plugin-container[59567:15144989] *** CFMessagePort: bootstrap_register(): failed 1100 (0x44c) 'Permission denied', port = 0x9c3b, name = 'com.apple.tsm.portname'
See /usr/include/servers/bootstrap_defs.h for the error codes.
2017-07-10 10:27:04.826 plugin-container[59567:15144989] *** CFMessagePort: bootstrap_register(): failed 1100 (0x44c) 'Permission denied', port = 0x9f03, name = 'com.apple.CFPasteboardClient'
See /usr/include/servers/bootstrap_defs.h for the error codes.
1499646424847	Marionette	DEBUG	Received DOM event "beforeunload" for "about:blank"
1499646424849	Marionette	DEBUG	Received DOM event "pagehide" for "about:blank"
1499646424849	Marionette	DEBUG	Received DOM event "unload" for "about:blank"
1499646424893	Marionette	DEBUG	Received DOM event "DOMContentLoaded" for "about:neterror?e=connectionFailure&u=http%3A//localhost%3A5000/&c=UTF-8&f=regular&d=Firefox%20can%E2%80%99t%20establish%20a%20connection%20to%20the%20server%20at%20localhost%3A5000."
2017-07-10 10:27:12.602 firefox-bin[59565:15144656] IMKInputSession presentFunctionRowItemTextInputViewWithEndpoint:completionHandler: : [self textInputContext]=0x123c68280 *NO* NSRemoteViewController to client, NSError=Error Domain=NSCocoaErrorDomain Code=4097 "connection from pid 0" UserInfo={NSDebugDescription=connection from pid 0}, com.apple.inputmethod.EmojiFunctionRowItem
2017-07-10 10:31:17.458 firefox-bin[59565:15144656] IMKInputSession presentFunctionRowItemTextInputViewWithEndpoint:completionHandler: : [self textInputContext]=0x123c68280 *NO* NSRemoteViewController to client, NSError=Error Domain=NSCocoaErrorDomain Code=4097 "connection from pid 0" UserInfo={NSDebugDescription=connection from pid 0}, com.apple.inputmethod.EmojiFunctionRowItem
2017-07-10 10:31:20.641 firefox-bin[59565:15144656] IMKInputSession presentFunctionRowItemTextInputViewWithEndpoint:completionHandler: : [self textInputContext]=0x123c68280 *NO* NSRemoteViewController to client, NSError=Error Domain=NSCocoaErrorDomain Code=4097 "connection from pid 0" UserInfo={NSDebugDescription=connection from pid 0}, com.apple.inputmethod.EmojiFunctionRowItem
2017-07-10 10:31:45.197 firefox-bin[59565:15144656] IMKInputSession presentFunctionRowItemTextInputViewWithEndpoint:completionHandler: : [self textInputContext]=0x123c68280 *NO* NSRemoteViewController to client, NSError=Error Domain=NSCocoaErrorDomain Code=4097 "connection from pid 0" UserInfo={NSDebugDescription=connection from pid 0}, com.apple.inputmethod.EmojiFunctionRowItem
2017-07-10 10:31:45.204 firefox-bin[59565:15144656] IMKInputSession presentFunctionRowItemTextInputViewWithEndpoint:completionHandler: : [self textInputContext]=0x123c68280 *NO* NSRemoteViewController to client, NSError=Error Domain=NSCocoaErrorDomain Code=4097 "connection from pid 0" UserInfo={NSDebugDescription=connection from pid 0}, com.apple.inputmethod.EmojiFunctionRowItem
2017-07-10 10:31:53.049 firefox-bin[59565:15144656] IMKInputSession presentFunctionRowItemTextInputViewWithEndpoint:completionHandler: : [self textInputContext]=0x123c68280 *NO* NSRemoteViewController to client, NSError=Error Domain=NSCocoaErrorDomain Code=4097 "connection from pid 0" UserInfo={NSDebugDescription=connection from pid 0}, com.apple.inputmethod.EmojiFunctionRowItem
1499646720058	geckodriver	INFO	Listening on 127.0.0.1:51274
1499646721101	geckodriver::marionette	INFO	Starting browser /Applications/Firefox.app/Contents/MacOS/firefox-bin with args ["-marionette"]
1499646722685	Marionette	INFO	Listening on port 51283
1499646722766	Marionette	WARN	TLS certificate errors will be ignored for this session
1499646722900	Marionette	DEBUG	loaded listener.js
1499646722924	Marionette	DEBUG	Received DOM event "beforeunload" for "about:blank"
1499646722951	Marionette	DEBUG	Received DOM event "beforeunload" for "about:blank"
1499646722952	Marionette	DEBUG	Received DOM event "pagehide" for "about:blank"
1499646722952	Marionette	DEBUG	Received DOM event "unload" for "about:blank"
2017-07-10 10:32:02.981 plugin-container[59662:15177824] *** CFMessagePort: bootstrap_register(): failed 1100 (0x44c) 'Permission denied', port = 0x9c3b, name = 'com.apple.tsm.portname'
See /usr/include/servers/bootstrap_defs.h for the error codes.
2017-07-10 10:32:02.983 plugin-container[59662:15177824] *** CFMessagePort: bootstrap_register(): failed 1100 (0x44c) 'Permission denied', port = 0x9f03, name = 'com.apple.CFPasteboardClient'
See /usr/include/servers/bootstrap_defs.h for the error codes.
1499646723022	Marionette	DEBUG	Received DOM event "DOMContentLoaded" for "about:neterror?e=connectionFailure&u=http%3A//localhost%3A5000/&c=UTF-8&f=regular&d=Firefox%20can%E2%80%99t%20establish%20a%20connection%20to%20the%20server%20at%20localhost%3A5000."
2017-07-10 10:32:08.801 firefox-bin[59565:15144656] IMKInputSession presentFunctionRowItemTextInputViewWithEndpoint:completionHandler: : [self textInputContext]=0x0 *NO* NSRemoteViewController to client, NSError=Error Domain=NSCocoaErrorDomain Code=4097 "connection from pid 0" UserInfo={NSDebugDescription=connection from pid 0}, com.apple.inputmethod.EmojiFunctionRowItem
2017-07-10 10:32:08.827 firefox-bin[59565:15144656] IMKInputSession presentFunctionRowItemTextInputViewWithEndpoint:completionHandler: : [self textInputContext]=0x123c68280 *NO* NSRemoteViewController to client, NSError=Error Domain=NSCocoaErrorDomain Code=4097 "connection from pid 0" UserInfo={NSDebugDescription=connection from pid 0}, com.apple.inputmethod.EmojiFunctionRowItem
2017-07-10 10:32:08.833 firefox-bin[59565:15144656] IMKInputSession presentFunctionRowItemTextInputViewWithEndpoint:completionHandler: : [self textInputContext]=0x123c68280 *NO* NSRemoteViewController to client, NSError=Error Domain=NSCocoaErrorDomain Code=4097 "connection from pid 0" UserInfo={NSDebugDescription=connection from pid 0}, com.apple.inputmethod.EmojiFunctionRowItem
2017-07-10 10:32:10.910 firefox-bin[59661:15177711] IMKInputSession presentFunctionRowItemTextInputViewWithEndpoint:completionHandler: : [self textInputContext]=0x11dc5a820 *NO* NSRemoteViewController to client, NSError=Error Domain=NSCocoaErrorDomain Code=4097 "connection from pid 0" UserInfo={NSDebugDescription=connection from pid 0}, com.apple.inputmethod.EmojiFunctionRowItem
2017-07-10 10:32:14.504 firefox-bin[59565:15144656] IMKInputSession presentFunctionRowItemTextInputViewWithEndpoint:completionHandler: : [self textInputContext]=0x0 *NO* NSRemoteViewController to client, NSError=Error Domain=NSCocoaErrorDomain Code=4097 "connection from pid 0" UserInfo={NSDebugDescription=connection from pid 0}, com.apple.inputmethod.EmojiFunctionRowItem
2017-07-10 10:32:14.538 firefox-bin[59565:15144656] IMKInputSession presentFunctionRowItemTextInputViewWithEndpoint:completionHandler: : [self textInputContext]=0x123c68280 *NO* NSRemoteViewController to client, NSError=Error Domain=NSCocoaErrorDomain Code=4097 "connection from pid 0" UserInfo={NSDebugDescription=connection from pid 0}, com.apple.inputmethod.EmojiFunctionRowItem
2017-07-10 10:32:14.543 firefox-bin[59565:15144656] IMKInputSession presentFunctionRowItemTextInputViewWithEndpoint:completionHandler: : [self textInputContext]=0x123c68280 *NO* NSRemoteViewController to client, NSError=Error Domain=NSCocoaErrorDomain Code=4097 "connection from pid 0" UserInfo={NSDebugDescription=connection from pid 0}, com.apple.inputmethod.EmojiFunctionRowItem
*************************
A coding exception was thrown and uncaught in a Task.

Full message: TypeError: NetworkError when attempting to fetch resource.
Full stack: 
*************************
*************************
A coding exception was thrown and uncaught in a Task.

Full message: TypeError: NetworkError when attempting to fetch resource.
Full stack: 
*************************
2017-07-10 10:59:04.147 firefox-bin[59565:15144656] IMKInputSession presentFunctionRowItemTextInputViewWithEndpoint:completionHandler: : [self textInputContext]=0x123c68280 *NO* NSRemoteViewController to client, NSError=Error Domain=NSCocoaErrorDomain Code=4097 "connection from pid 0" UserInfo={NSDebugDescription=connection from pid 0}, com.apple.inputmethod.EmojiFunctionRowItem
2017-07-10 10:59:04.154 firefox-bin[59565:15144656] IMKInputSession presentFunctionRowItemTextInputViewWithEndpoint:completionHandler: : [self textInputContext]=0x123c68280 *NO* NSRemoteViewController to client, NSError=Error Domain=NSCocoaErrorDomain Code=4097 "connection from pid 0" UserInfo={NSDebugDescription=connection from pid 0}, com.apple.inputmethod.EmojiFunctionRowItem
2017-07-10 10:59:16.750 firefox-bin[59661:15177711] IMKInputSession presentFunctionRowItemTextInputViewWithEndpoint:completionHandler: : [self textInputContext]=0x0 *NO* NSRemoteViewController to client, NSError=Error Domain=NSCocoaErrorDomain Code=4097 "connection from pid 0" UserInfo={NSDebugDescription=connection from pid 0}, com.apple.inputmethod.EmojiFunctionRowItem
2017-07-10 10:59:16.799 firefox-bin[59661:15177711] IMKInputSession presentFunctionRowItemTextInputViewWithEndpoint:completionHandler: : [self textInputContext]=0x11dc5a820 *NO* NSRemoteViewController to client, NSError=Error Domain=NSCocoaErrorDomain Code=4097 "connection from pid 0" UserInfo={NSDebugDescription=connection from pid 0}, com.apple.inputmethod.EmojiFunctionRowItem
2017-07-10 10:59:23.991 firefox-bin[59661:15177711] IMKInputSession presentFunctionRowItemTextInputViewWithEndpoint:completionHandler: : [self textInputContext]=0x0 *NO* NSRemoteViewController to client, NSError=Error Domain=NSCocoaErrorDomain Code=4097 "connection from pid 0" UserInfo={NSDebugDescription=connection from pid 0}, com.apple.inputmethod.EmojiFunctionRowItem
2017-07-10 10:59:24.036 firefox-bin[59661:15177711] IMKInputSession presentFunctionRowItemTextInputViewWithEndpoint:completionHandler: : [self textInputContext]=0x11dc5a820 *NO* NSRemoteViewController to client, NSError=Error Domain=NSCocoaErrorDomain Code=4097 "connection from pid 0" UserInfo={NSDebugDescription=connection from pid 0}, com.apple.inputmethod.EmojiFunctionRowItem
2017-07-10 10:59:24.049 firefox-bin[59661:15177711] IMKInputSession presentFunctionRowItemTextInputViewWithEndpoint:completionHandler: : [self textInputContext]=0x11dc5a820 *NO* NSRemoteViewController to client, NSError=Error Domain=NSCocoaErrorDomain Code=4097 "connection from pid 0" UserInfo={NSDebugDescription=connection from pid 0}, com.apple.inputmethod.EmojiFunctionRowItem
2017-07-10 10:59:58.826 firefox-bin[59565:15144656] IMKInputSession presentFunctionRowItemTextInputViewWithEndpoint:completionHandler: : [self textInputContext]=0x123c68280 *NO* NSRemoteViewController to client, NSError=Error Domain=NSCocoaErrorDomain Code=4097 "connection from pid 0" UserInfo={NSDebugDescription=connection from pid 0}, com.apple.inputmethod.EmojiFunctionRowItem
2017-07-10 10:59:58.831 firefox-bin[59565:15144656] IMKInputSession presentFunctionRowItemTextInputViewWithEndpoint:completionHandler: : [self textInputContext]=0x123c68280 *NO* NSRemoteViewController to client, NSError=Error Domain=NSCocoaErrorDomain Code=4097 "connection from pid 0" UserInfo={NSDebugDescription=connection from pid 0}, com.apple.inputmethod.EmojiFunctionRowItem
2017-07-10 11:00:16.233 firefox-bin[59565:15144656] IMKInputSession presentFunctionRowItemTextInputViewWithEndpoint:completionHandler: : [self textInputContext]=0x123c68280 *NO* NSRemoteViewController to client, NSError=Error Domain=NSCocoaErrorDomain Code=4097 "connection from pid 0" UserInfo={NSDebugDescription=connection from pid 0}, com.apple.inputmethod.EmojiFunctionRowItem
2017-07-10 11:00:16.240 firefox-bin[59565:15144656] IMKInputSession presentFunctionRowItemTextInputViewWithEndpoint:completionHandler: : [self textInputContext]=0x123c68280 *NO* NSRemoteViewController to client, NSError=Error Domain=NSCocoaErrorDomain Code=4097 "connection from pid 0" UserInfo={NSDebugDescription=connection from pid 0}, com.apple.inputmethod.EmojiFunctionRowItem
2017-07-10 11:00:19.559 firefox-bin[59661:15177711] IMKInputSession presentFunctionRowItemTextInputViewWithEndpoint:completionHandler: : [self textInputContext]=0x11dc5a820 *NO* NSRemoteViewController to client, NSError=Error Domain=NSCocoaErrorDomain Code=4097 "connection from pid 0" UserInfo={NSDebugDescription=connection from pid 0}, com.apple.inputmethod.EmojiFunctionRowItem
2017-07-10 11:00:22.454 firefox-bin[59565:15144656] IMKInputSession presentFunctionRowItemTextInputViewWithEndpoint:completionHandler: : [self textInputContext]=0x0 *NO* NSRemoteViewController to client, NSError=Error Domain=NSCocoaErrorDomain Code=4097 "connection from pid 0" UserInfo={NSDebugDescription=connection from pid 0}, com.apple.inputmethod.EmojiFunctionRowItem
2017-07-10 11:00:22.497 firefox-bin[59565:15144656] IMKInputSession presentFunctionRowItemTextInputViewWithEndpoint:completionHandler: : [self textInputContext]=0x123c68280 *NO* NSRemoteViewController to client, NSError=Error Domain=NSCocoaErrorDomain Code=4097 "connection from pid 0" UserInfo={NSDebugDescription=connection from pid 0}, com.apple.inputmethod.EmojiFunctionRowItem
2017-07-10 11:00:22.501 firefox-bin[59565:15144656] IMKInputSession presentFunctionRowItemTextInputViewWithEndpoint:completionHandler: : [self textInputContext]=0x123c68280 *NO* NSRemoteViewController to client, NSError=Error Domain=NSCocoaErrorDomain Code=4097 "connection from pid 0" UserInfo={NSDebugDescription=connection from pid 0}, com.apple.inputmethod.EmojiFunctionRowItem
1499648817384	geckodriver	INFO	Listening on 127.0.0.1:56274
1499648818428	geckodriver::marionette	INFO	Starting browser /Applications/Firefox.app/Contents/MacOS/firefox-bin with args ["-marionette"]
1499648820036	Marionette	INFO	Listening on port 56283
1499648820086	Marionette	WARN	TLS certificate errors will be ignored for this session
1499648820248	Marionette	DEBUG	loaded listener.js
1499648820271	Marionette	DEBUG	Received DOM event "beforeunload" for "about:blank"
1499648820297	Marionette	DEBUG	Received DOM event "pagehide" for "about:blank"
1499648820297	Marionette	DEBUG	Received DOM event "unload" for "about:blank"
2017-07-10 11:07:00.324 plugin-container[61031:15278028] *** CFMessagePort: bootstrap_register(): failed 1100 (0x44c) 'Permission denied', port = 0x990b, name = 'com.apple.tsm.portname'
See /usr/include/servers/bootstrap_defs.h for the error codes.
2017-07-10 11:07:00.328 plugin-container[61031:15278028] *** CFMessagePort: bootstrap_register(): failed 1100 (0x44c) 'Permission denied', port = 0xa003, name = 'com.apple.CFPasteboardClient'
See /usr/include/servers/bootstrap_defs.h for the error codes.
1499648820413	Marionette	DEBUG	Received DOM event "DOMContentLoaded" for "http://localhost:5000/"
1499648820417	Marionette	DEBUG	Received DOM event "pageshow" for "http://localhost:5000/"
2017-07-10 11:07:11.481 firefox-bin[61030:15277911] IMKInputSession presentFunctionRowItemTextInputViewWithEndpoint:completionHandler: : [self textInputContext]=0x11805dbe0 *NO* NSRemoteViewController to client, NSError=Error Domain=NSCocoaErrorDomain Code=4097 "connection from pid 0" UserInfo={NSDebugDescription=connection from pid 0}, com.apple.inputmethod.EmojiFunctionRowItem
2017-07-10 11:07:14.440 firefox-bin[59565:15144656] IMKInputSession presentFunctionRowItemTextInputViewWithEndpoint:completionHandler: : [self textInputContext]=0x122305c40 *NO* NSRemoteViewController to client, NSError=Error Domain=NSCocoaErrorDomain Code=4097 "connection from pid 0" UserInfo={NSDebugDescription=connection from pid 0}, com.apple.inputmethod.EmojiFunctionRowItem
2017-07-10 11:07:14.503 firefox-bin[59565:15144656] IMKInputSession presentFunctionRowItemTextInputViewWithEndpoint:completionHandler: : [self textInputContext]=0x122305c40 *NO* NSRemoteViewController to client, NSError=Error Domain=NSCocoaErrorDomain Code=4097 "connection from pid 0" UserInfo={NSDebugDescription=connection from pid 0}, com.apple.inputmethod.EmojiFunctionRowItem
2017-07-10 11:07:14.740 plugin-container[61036:15279645] *** CFMessagePort: bootstrap_register(): failed 1100 (0x44c) 'Permission denied', port = 0x9c37, name = 'com.apple.tsm.portname'
See /usr/include/servers/bootstrap_defs.h for the error codes.
2017-07-10 11:07:14.742 plugin-container[61036:15279645] *** CFMessagePort: bootstrap_register(): failed 1100 (0x44c) 'Permission denied', port = 0x9f03, name = 'com.apple.CFPasteboardClient'
See /usr/include/servers/bootstrap_defs.h for the error codes.
2017-07-10 11:07:16.954 firefox-bin[59565:15144656] IMKInputSession presentFunctionRowItemTextInputViewWithEndpoint:completionHandler: : [self textInputContext]=0x122305c40 *NO* NSRemoteViewController to client, NSError=Error Domain=NSCocoaErrorDomain Code=4097 "connection from pid 0" UserInfo={NSDebugDescription=connection from pid 0}, com.apple.inputmethod.EmojiFunctionRowItem
1499648837174	Marionette	INFO	Ceased listening
2017-07-10 11:07:17.244 firefox-bin[61030:15277911] IMKInputSession presentFunctionRowItemTextInputViewWithEndpoint:completionHandler: : [self textInputContext]=0x11805dbe0 *NO* NSRemoteViewController to client, NSError=Error Domain=NSCocoaErrorDomain Code=4097 "connection from pid 0" UserInfo={NSDebugDescription=connection from pid 0}, com.apple.inputmethod.EmojiFunctionRowItem
2017-07-10 11:07:18.496 firefox-bin[61030:15277911] IMKInputSession presentFunctionRowItemTextInputViewWithEndpoint:completionHandler: : [self textInputContext]=0x11805dbe0 *NO* NSRemoteViewController to client, NSError=Error Domain=NSCocoaErrorDomain Code=4097 "connection from pid 0" UserInfo={NSDebugDescription=connection from pid 0}, com.apple.inputmethod.EmojiFunctionRowItem
2017-07-10 11:07:20.123 firefox-bin[61030:15277911] IMKInputSession presentFunctionRowItemTextInputViewWithEndpoint:completionHandler: : [self textInputContext]=0x11805dbe0 *NO* NSRemoteViewController to client, NSError=Error Domain=NSCocoaErrorDomain Code=4097 "connection from pid 0" UserInfo={NSDebugDescription=connection from pid 0}, com.apple.inputmethod.EmojiFunctionRowItem
1499648840334	Marionette	INFO	Ceased listening
2017-07-10 11:07:22.396 firefox-bin[61030:15277911] IMKInputSession presentFunctionRowItemTextInputViewWithEndpoint:completionHandler: : [self textInputContext]=0x11805dbe0 *NO* NSRemoteViewController to client, NSError=Error Domain=NSCocoaErrorDomain Code=4097 "connection from pid 0" UserInfo={NSDebugDescription=connection from pid 0}, com.apple.inputmethod.EmojiFunctionRowItem
1499648842704	Marionette	INFO	Ceased listening
1499649237043	geckodriver	INFO	Listening on 127.0.0.1:56619
1499649238098	geckodriver::marionette	INFO	Starting browser /Applications/Firefox.app/Contents/MacOS/firefox-bin with args ["-marionette"]
1499649239705	Marionette	INFO	Listening on port 56628
1499649239759	Marionette	WARN	TLS certificate errors will be ignored for this session
1499649239928	Marionette	DEBUG	loaded listener.js
1499649239960	Marionette	DEBUG	Received DOM event "beforeunload" for "about:blank"
2017-07-10 11:13:59.999 plugin-container[61166:15325958] *** CFMessagePort: bootstrap_register(): failed 1100 (0x44c) 'Permission denied', port = 0x9c3b, name = 'com.apple.tsm.portname'
See /usr/include/servers/bootstrap_defs.h for the error codes.
2017-07-10 11:14:00.002 plugin-container[61166:15325958] *** CFMessagePort: bootstrap_register(): failed 1100 (0x44c) 'Permission denied', port = 0x9f03, name = 'com.apple.CFPasteboardClient'
See /usr/include/servers/bootstrap_defs.h for the error codes.
1499649240013	Marionette	DEBUG	Received DOM event "pagehide" for "about:blank"
1499649240013	Marionette	DEBUG	Received DOM event "unload" for "about:blank"
1499649240137	Marionette	DEBUG	Received DOM event "DOMContentLoaded" for "http://localhost:5000/"
1499649240141	Marionette	DEBUG	Received DOM event "pageshow" for "http://localhost:5000/"
2017-07-10 11:14:01.235 firefox-bin[61165:15325767] IMKInputSession presentFunctionRowItemTextInputViewWithEndpoint:completionHandler: : [self textInputContext]=0x128015ee0 *NO* NSRemoteViewController to client, NSError=Error Domain=NSCocoaErrorDomain Code=4097 "connection from pid 0" UserInfo={NSDebugDescription=connection from pid 0}, com.apple.inputmethod.EmojiFunctionRowItem
*************************
A coding exception was thrown and uncaught in a Task.

Full message: TypeError: NetworkError when attempting to fetch resource.
Full stack: 
*************************
1499650148740	geckodriver	INFO	Listening on 127.0.0.1:56954
1499650149789	geckodriver::marionette	INFO	Starting browser /Applications/Firefox.app/Contents/MacOS/firefox-bin with args ["-marionette"]
1499650151494	Marionette	INFO	Listening on port 56963
1499650151569	Marionette	WARN	TLS certificate errors will be ignored for this session
1499650151710	Marionette	DEBUG	loaded listener.js
1499650151736	Marionette	DEBUG	Received DOM event "beforeunload" for "about:blank"
1499650151766	Marionette	DEBUG	Received DOM event "pagehide" for "about:blank"
1499650151767	Marionette	DEBUG	Received DOM event "unload" for "about:blank"
2017-07-10 11:29:11.796 plugin-container[61401:15435219] *** CFMessagePort: bootstrap_register(): failed 1100 (0x44c) 'Permission denied', port = 0x9f3b, name = 'com.apple.tsm.portname'
See /usr/include/servers/bootstrap_defs.h for the error codes.
2017-07-10 11:29:11.800 plugin-container[61401:15435219] *** CFMessagePort: bootstrap_register(): failed 1100 (0x44c) 'Permission denied', port = 0xa203, name = 'com.apple.CFPasteboardClient'
See /usr/include/servers/bootstrap_defs.h for the error codes.
1499650151880	Marionette	DEBUG	Received DOM event "DOMContentLoaded" for "http://localhost:5000/"
1499650151884	Marionette	DEBUG	Received DOM event "pageshow" for "http://localhost:5000/"
2017-07-10 11:29:14.766 firefox-bin[61399:15435047] IMKInputSession presentFunctionRowItemTextInputViewWithEndpoint:completionHandler: : [self textInputContext]=0x130fac400 *NO* NSRemoteViewController to client, NSError=Error Domain=NSCocoaErrorDomain Code=4097 "connection from pid 0" UserInfo={NSDebugDescription=connection from pid 0}, com.apple.inputmethod.EmojiFunctionRowItem
JavaScript warning: resource://gre/modules/commonjs/toolkit/loader.js -> resource://devtools/client/shared/demangle.js, line 0: Successfully compiled asm.js code (total compilation time 56ms; unable to cache asm.js in synchronous scripts; try loading asm.js via <script async> or createElement('script'))
2017-07-10 11:29:34.692 firefox-bin[61399:15435047] IMKInputSession presentFunctionRowItemTextInputViewWithEndpoint:completionHandler: : [self textInputContext]=0x130fac400 *NO* NSRemoteViewController to client, NSError=Error Domain=NSCocoaErrorDomain Code=4097 "connection from pid 0" UserInfo={NSDebugDescription=connection from pid 0}, com.apple.inputmethod.EmojiFunctionRowItem
2017-07-10 11:29:36.470 firefox-bin[61399:15435047] IMKInputSession presentFunctionRowItemTextInputViewWithEndpoint:completionHandler: : [self textInputContext]=0x130fac400 *NO* NSRemoteViewController to client, NSError=Error Domain=NSCocoaErrorDomain Code=4097 "connection from pid 0" UserInfo={NSDebugDescription=connection from pid 0}, com.apple.inputmethod.EmojiFunctionRowItem
*************************
A coding exception was thrown and uncaught in a Task.

Full message: TypeError: NetworkError when attempting to fetch resource.
Full stack: 
*************************
1499651168627	geckodriver	INFO	Listening on 127.0.0.1:57308
1499651169684	geckodriver::marionette	INFO	Starting browser /Applications/Firefox.app/Contents/MacOS/firefox-bin with args ["-marionette"]
1499651171438	Marionette	INFO	Listening on port 57317
1499651171539	Marionette	WARN	TLS certificate errors will be ignored for this session
1499651171692	Marionette	DEBUG	loaded listener.js
1499651171718	Marionette	DEBUG	Received DOM event "beforeunload" for "about:blank"
2017-07-10 11:46:11.768 plugin-container[61748:15554403] *** CFMessagePort: bootstrap_register(): failed 1100 (0x44c) 'Permission denied', port = 0x9e3b, name = 'com.apple.tsm.portname'
See /usr/include/servers/bootstrap_defs.h for the error codes.
2017-07-10 11:46:11.770 plugin-container[61748:15554403] *** CFMessagePort: bootstrap_register(): failed 1100 (0x44c) 'Permission denied', port = 0xa103, name = 'com.apple.CFPasteboardClient'
See /usr/include/servers/bootstrap_defs.h for the error codes.
1499651171776	Marionette	DEBUG	Received DOM event "pagehide" for "about:blank"
1499651171776	Marionette	DEBUG	Received DOM event "unload" for "about:blank"
1499651171892	Marionette	DEBUG	Received DOM event "DOMContentLoaded" for "http://localhost:5000/"
1499651171896	Marionette	DEBUG	Received DOM event "pageshow" for "http://localhost:5000/"
2017-07-10 11:46:12.369 firefox-bin[61165:15325767] IMKInputSession presentFunctionRowItemTextInputViewWithEndpoint:completionHandler: : [self textInputContext]=0x11c026dc0 *NO* NSRemoteViewController to client, NSError=Error Domain=NSCocoaErrorDomain Code=4097 "connection from pid 0" UserInfo={NSDebugDescription=connection from pid 0}, com.apple.inputmethod.EmojiFunctionRowItem
2017-07-10 11:46:12.410 firefox-bin[61165:15325767] IMKInputSession presentFunctionRowItemTextInputViewWithEndpoint:completionHandler: : [self textInputContext]=0x11c026dc0 *NO* NSRemoteViewController to client, NSError=Error Domain=NSCocoaErrorDomain Code=4097 "connection from pid 0" UserInfo={NSDebugDescription=connection from pid 0}, com.apple.inputmethod.EmojiFunctionRowItem
2017-07-10 11:46:12.707 plugin-container[61749:15554779] *** CFMessagePort: bootstrap_register(): failed 1100 (0x44c) 'Permission denied', port = 0x9c3b, name = 'com.apple.tsm.portname'
See /usr/include/servers/bootstrap_defs.h for the error codes.
2017-07-10 11:46:12.712 plugin-container[61749:15554779] *** CFMessagePort: bootstrap_register(): failed 1100 (0x44c) 'Permission denied', port = 0x9f03, name = 'com.apple.CFPasteboardClient'
See /usr/include/servers/bootstrap_defs.h for the error codes.
2017-07-10 11:46:13.830 firefox-bin[61165:15325767] IMKInputSession presentFunctionRowItemTextInputViewWithEndpoint:completionHandler: : [self textInputContext]=0x11c026dc0 *NO* NSRemoteViewController to client, NSError=Error Domain=NSCocoaErrorDomain Code=4097 "connection from pid 0" UserInfo={NSDebugDescription=connection from pid 0}, com.apple.inputmethod.EmojiFunctionRowItem
1499651174062	Marionette	INFO	Ceased listening
1499651176388	Marionette	INFO	Ceased listening
2017-07-10 11:46:17.329 firefox-bin[61746:15554163] IMKInputSession presentFunctionRowItemTextInputViewWithEndpoint:completionHandler: : [self textInputContext]=0x123d4c040 *NO* NSRemoteViewController to client, NSError=Error Domain=NSCocoaErrorDomain Code=4097 "connection from pid 0" UserInfo={NSDebugDescription=connection from pid 0}, com.apple.inputmethod.EmojiFunctionRowItem
2017-07-10 11:46:49.515 firefox-bin[61746:15554163] IMKInputSession presentFunctionRowItemTextInputViewWithEndpoint:completionHandler: : [self textInputContext]=0x0 *NO* NSRemoteViewController to client, NSError=Error Domain=NSCocoaErrorDomain Code=4097 "connection from pid 0" UserInfo={NSDebugDescription=connection from pid 0}, com.apple.inputmethod.EmojiFunctionRowItem
2017-07-10 11:46:49.579 firefox-bin[61746:15554163] IMKInputSession presentFunctionRowItemTextInputViewWithEndpoint:completionHandler: : [self textInputContext]=0x123d4c040 *NO* NSRemoteViewController to client, NSError=Error Domain=NSCocoaErrorDomain Code=4097 "connection from pid 0" UserInfo={NSDebugDescription=connection from pid 0}, com.apple.inputmethod.EmojiFunctionRowItem
2017-07-10 11:56:31.603 firefox-bin[61746:15554163] IMKInputSession presentFunctionRowItemTextInputViewWithEndpoint:completionHandler: : [self textInputContext]=0x0 *NO* NSRemoteViewController to client, NSError=Error Domain=NSCocoaErrorDomain Code=4097 "connection from pid 0" UserInfo={NSDebugDescription=connection from pid 0}, com.apple.inputmethod.EmojiFunctionRowItem
2017-07-10 11:56:31.634 firefox-bin[61746:15554163] IMKInputSession presentFunctionRowItemTextInputViewWithEndpoint:completionHandler: : [self textInputContext]=0x123d4c040 *NO* NSRemoteViewController to client, NSError=Error Domain=NSCocoaErrorDomain Code=4097 "connection from pid 0" UserInfo={NSDebugDescription=connection from pid 0}, com.apple.inputmethod.EmojiFunctionRowItem
*************************
A coding exception was thrown and uncaught in a Task.

Full message: TypeError: NetworkError when attempting to fetch resource.
Full stack: 
*************************
2017-07-10 12:04:15.128 firefox-bin[61746:15554163] IMKInputSession presentFunctionRowItemTextInputViewWithEndpoint:completionHandler: : [self textInputContext]=0x123d4c040 *NO* NSRemoteViewController to client, NSError=Error Domain=NSCocoaErrorDomain Code=4097 "connection from pid 0" UserInfo={NSDebugDescription=connection from pid 0}, com.apple.inputmethod.EmojiFunctionRowItem
2017-07-10 13:52:59.404 firefox-bin[61746:15554163] IMKInputSession presentFunctionRowItemTextInputViewWithEndpoint:completionHandler: : [self textInputContext]=0x123d4c040 *NO* NSRemoteViewController to client, NSError=Error Domain=NSCocoaErrorDomain Code=4097 "connection from pid 0" UserInfo={NSDebugDescription=connection from pid 0}, com.apple.inputmethod.EmojiFunctionRowItem
2017-07-10 15:00:53.800 firefox-bin[61746:15554163] IMKInputSession presentFunctionRowItemTextInputViewWithEndpoint:completionHandler: : [self textInputContext]=0x0 *NO* NSRemoteViewController to client, NSError=Error Domain=NSCocoaErrorDomain Code=4097 "connection from pid 0" UserInfo={NSDebugDescription=connection from pid 0}, com.apple.inputmethod.EmojiFunctionRowItem
2017-07-10 15:00:53.832 firefox-bin[61746:15554163] IMKInputSession presentFunctionRowItemTextInputViewWithEndpoint:completionHandler: : [self textInputContext]=0x123d4c040 *NO* NSRemoteViewController to client, NSError=Error Domain=NSCocoaErrorDomain Code=4097 "connection from pid 0" UserInfo={NSDebugDescription=connection from pid 0}, com.apple.inputmethod.EmojiFunctionRowItem
2017-07-10 15:00:54.874 firefox-bin[61746:15554163] IMKInputSession presentFunctionRowItemTextInputViewWithEndpoint:completionHandler: : [self textInputContext]=0x123d4c040 *NO* NSRemoteViewController to client, NSError=Error Domain=NSCocoaErrorDomain Code=4097 "connection from pid 0" UserInfo={NSDebugDescription=connection from pid 0}, com.apple.inputmethod.EmojiFunctionRowItem
JavaScript warning: http://www.fairfaxstatic.com.au/dtm/7d5ea80d054b96730162d0905d59678c4d2bf30c/scripts/satellite-595b1a2b64746d0a58019338.js, line 12: Error: WebGL warning: Disallowing antialiased backbuffers due to blacklisting.
JavaScript warning: http://www.fairfaxstatic.com.au/dtm/7d5ea80d054b96730162d0905d59678c4d2bf30c/scripts/satellite-595b1a2b64746d0a58019338.js, line 12: Error: WebGL warning: Disallowing antialiased backbuffers due to blacklisting.
JavaScript warning: http://www.fairfaxstatic.com.au/dtm/7d5ea80d054b96730162d0905d59678c4d2bf30c/scripts/satellite-584a00cc64746d099900b6fd.js, line 1: unreachable code after return statement
JavaScript warning: http://www.fairfaxstatic.com.au/dtm/7d5ea80d054b96730162d0905d59678c4d2bf30c/scripts/satellite-584a00cc64746d099900b6fd.js, line 1: unreachable code after return statement
JavaScript error: http://fairfax-a.p.adnxs.com/ut/v2, line 1: SyntaxError: missing ; before statement
JavaScript error: http://fairfax-a.p.adnxs.com/ut/v2, line 1: SyntaxError: missing ; before statement
JavaScript warning: http://www.fairfaxstatic.com.au/dtm/7d5ea80d054b96730162d0905d59678c4d2bf30c/scripts/satellite-584a00cc64746d099900b6fd.js, line 1: unreachable code after return statement
JavaScript warning: http://www.fairfaxstatic.com.au/dtm/7d5ea80d054b96730162d0905d59678c4d2bf30c/scripts/satellite-584a00cc64746d099900b6fd.js, line 1: unreachable code after return statement
JavaScript error: http://fairfax-a.p.adnxs.com/ut/v2, line 1: SyntaxError: missing ; before statement
JavaScript warning: http://www.fairfaxstatic.com.au/dtm/7d5ea80d054b96730162d0905d59678c4d2bf30c/scripts/satellite-584a00cc64746d099900b6fd.js, line 1: unreachable code after return statement
JavaScript warning: http://www.fairfaxstatic.com.au/dtm/7d5ea80d054b96730162d0905d59678c4d2bf30c/scripts/satellite-584a00cc64746d099900b6fd.js, line 1: unreachable code after return statement
JavaScript warning: https://sdk.streamrail.com/player/sr.ads.js?cb=1499662983970, line 0: Successfully compiled asm.js code (total compilation time 1ms; not stored in cache (too small to benefit))
JavaScript error: , line 0: uncaught exception: undefined
JavaScript warning: https://cdn-ssl.vidible.tv/prod/ad-client/js/1.16.33/0.js, line 20: Error: WebGL warning: Disallowing antialiased backbuffers due to blacklisting.
JavaScript warning: https://cdn-ssl.vidible.tv/prod/ad-client/js/1.16.33/0.js, line 20: Error: WebGL warning: Disallowing antialiased backbuffers due to blacklisting.
JavaScript error: http://static.vertamedia.com/static/jsvpaid.js?aid=56264&sid=0&cb=27061019, line 22: TypeError: location is null
JavaScript error: http://r.sascdn.com/video/controller-vpaid.js?nwid=2451, line 621: NS_ERROR_NOT_INITIALIZED: 
JavaScript error: http://r.sascdn.com/video/controller-vpaid.js?nwid=2451, line 621: NS_ERROR_NOT_INITIALIZED: 
JavaScript error: http://r.sascdn.com/video/controller-vpaid.js?nwid=2451, line 621: NS_ERROR_NOT_INITIALIZED: 
JavaScript error: http://r.sascdn.com/video/controller-vpaid.js?nwid=2451, line 621: NS_ERROR_NOT_INITIALIZED: 
JavaScript error: http://r.sascdn.com/video/controller-vpaid.js?nwid=2451, line 621: NS_ERROR_NOT_INITIALIZED: 
JavaScript error: http://r.sascdn.com/video/controller-vpaid.js?nwid=2451, line 621: NS_ERROR_NOT_INITIALIZED: 
JavaScript error: http://r.sascdn.com/video/controller-vpaid.js?nwid=2451, line 621: NS_ERROR_NOT_INITIALIZED: 
JavaScript error: http://r.sascdn.com/video/controller-vpaid.js?nwid=2451, line 621: NS_ERROR_NOT_INITIALIZED: 
JavaScript error: http://r.sascdn.com/video/controller-vpaid.js?nwid=2451, line 621: NS_ERROR_NOT_INITIALIZED: 
JavaScript error: http://r.sascdn.com/video/controller-vpaid.js?nwid=2451, line 621: NS_ERROR_NOT_INITIALIZED: 
JavaScript error: http://r.sascdn.com/video/controller-vpaid.js?nwid=2451, line 621: NS_ERROR_NOT_INITIALIZED: 
JavaScript error: http://r.sascdn.com/video/controller-vpaid.js?nwid=2451, line 621: NS_ERROR_NOT_INITIALIZED: 
JavaScript error: http://r.sascdn.com/video/controller-vpaid.js?nwid=2451, line 621: NS_ERROR_NOT_INITIALIZED: 
JavaScript error: http://r.sascdn.com/video/controller-vpaid.js?nwid=2451, line 621: NS_ERROR_NOT_INITIALIZED: 
JavaScript error: http://r.sascdn.com/video/controller-vpaid.js?nwid=2451, line 621: NS_ERROR_NOT_INITIALIZED: 
JavaScript error: http://r.sascdn.com/video/controller-vpaid.js?nwid=2451, line 621: NS_ERROR_NOT_INITIALIZED: 
JavaScript error: http://r.sascdn.com/video/controller-vpaid.js?nwid=2451, line 621: NS_ERROR_NOT_INITIALIZED: 
JavaScript error: http://r.sascdn.com/video/controller-vpaid.js?nwid=2451, line 621: NS_ERROR_NOT_INITIALIZED: 
JavaScript error: http://r.sascdn.com/video/controller-vpaid.js?nwid=2451, line 621: NS_ERROR_NOT_INITIALIZED: 
JavaScript error: http://r.sascdn.com/video/controller-vpaid.js?nwid=2451, line 621: NS_ERROR_NOT_INITIALIZED: 
JavaScript error: http://r.sascdn.com/video/controller-vpaid.js?nwid=2451, line 621: NS_ERROR_NOT_INITIALIZED: 
JavaScript error: http://r.sascdn.com/video/controller-vpaid.js?nwid=2451, line 621: NS_ERROR_NOT_INITIALIZED: 
JavaScript error: http://r.sascdn.com/video/controller-vpaid.js?nwid=2451, line 621: NS_ERROR_NOT_INITIALIZED: 
JavaScript error: http://r.sascdn.com/video/controller-vpaid.js?nwid=2451, line 621: NS_ERROR_NOT_INITIALIZED: 
JavaScript error: http://r.sascdn.com/video/controller-vpaid.js?nwid=2451, line 621: NS_ERROR_NOT_INITIALIZED: 
JavaScript error: http://r.sascdn.com/video/controller-vpaid.js?nwid=2451, line 621: NS_ERROR_NOT_INITIALIZED: 
JavaScript error: http://r.sascdn.com/video/controller-vpaid.js?nwid=2451, line 621: NS_ERROR_NOT_INITIALIZED: 
JavaScript error: http://r.sascdn.com/video/controller-vpaid.js?nwid=2451, line 621: NS_ERROR_NOT_INITIALIZED: 
JavaScript error: http://r.sascdn.com/video/controller-vpaid.js?nwid=2451, line 621: NS_ERROR_NOT_INITIALIZED: 
JavaScript error: http://r.sascdn.com/video/controller-vpaid.js?nwid=2451, line 621: NS_ERROR_NOT_INITIALIZED: 
JavaScript error: http://r.sascdn.com/video/controller-vpaid.js?nwid=2451, line 621: NS_ERROR_NOT_INITIALIZED: 
JavaScript error: http://r.sascdn.com/video/controller-vpaid.js?nwid=2451, line 621: NS_ERROR_NOT_INITIALIZED: 
JavaScript error: http://r.sascdn.com/video/controller-vpaid.js?nwid=2451, line 621: NS_ERROR_NOT_INITIALIZED: 
JavaScript error: http://r.sascdn.com/video/controller-vpaid.js?nwid=2451, line 621: NS_ERROR_NOT_INITIALIZED: 
JavaScript error: http://r.sascdn.com/video/controller-vpaid.js?nwid=2451, line 621: NS_ERROR_NOT_INITIALIZED: 
JavaScript error: http://r.sascdn.com/video/controller-vpaid.js?nwid=2451, line 621: NS_ERROR_NOT_INITIALIZED: 
JavaScript error: http://r.sascdn.com/video/controller-vpaid.js?nwid=2451, line 621: NS_ERROR_NOT_INITIALIZED: 
JavaScript error: http://r.sascdn.com/video/controller-vpaid.js?nwid=2451, line 621: NS_ERROR_NOT_INITIALIZED: 
JavaScript error: http://r.sascdn.com/video/controller-vpaid.js?nwid=2451, line 621: NS_ERROR_NOT_INITIALIZED: 
JavaScript error: http://r.sascdn.com/video/controller-vpaid.js?nwid=2451, line 621: NS_ERROR_NOT_INITIALIZED: 
JavaScript error: http://r.sascdn.com/video/controller-vpaid.js?nwid=2451, line 621: NS_ERROR_NOT_INITIALIZED: 
JavaScript error: http://r.sascdn.com/video/controller-vpaid.js?nwid=2451, line 621: NS_ERROR_NOT_INITIALIZED: 
JavaScript error: http://r.sascdn.com/video/controller-vpaid.js?nwid=2451, line 621: NS_ERROR_NOT_INITIALIZED: 
JavaScript error: http://r.sascdn.com/video/controller-vpaid.js?nwid=2451, line 621: NS_ERROR_NOT_INITIALIZED: 
JavaScript error: http://r.sascdn.com/video/controller-vpaid.js?nwid=2451, line 621: NS_ERROR_NOT_INITIALIZED: 
JavaScript error: http://r.sascdn.com/video/controller-vpaid.js?nwid=2451, line 621: NS_ERROR_NOT_INITIALIZED: 
JavaScript error: http://r.sascdn.com/video/controller-vpaid.js?nwid=2451, line 621: NS_ERROR_NOT_INITIALIZED: 
JavaScript error: http://r.sascdn.com/video/controller-vpaid.js?nwid=2451, line 621: NS_ERROR_NOT_INITIALIZED: 
JavaScript error: http://r.sascdn.com/video/controller-vpaid.js?nwid=2451, line 621: NS_ERROR_NOT_INITIALIZED: 
JavaScript error: http://r.sascdn.com/video/controller-vpaid.js?nwid=2451, line 621: NS_ERROR_NOT_INITIALIZED: 
JavaScript error: http://r.sascdn.com/video/controller-vpaid.js?nwid=2451, line 621: NS_ERROR_NOT_INITIALIZED: 
JavaScript error: http://r.sascdn.com/video/controller-vpaid.js?nwid=2451, line 621: NS_ERROR_NOT_INITIALIZED: 
JavaScript error: http://r.sascdn.com/video/controller-vpaid.js?nwid=2451, line 621: NS_ERROR_NOT_INITIALIZED: 
JavaScript error: http://r.sascdn.com/video/controller-vpaid.js?nwid=2451, line 621: NS_ERROR_NOT_INITIALIZED: 
JavaScript error: http://r.sascdn.com/video/controller-vpaid.js?nwid=2451, line 621: NS_ERROR_NOT_INITIALIZED: 
JavaScript error: http://r.sascdn.com/video/controller-vpaid.js?nwid=2451, line 621: NS_ERROR_NOT_INITIALIZED: 
JavaScript error: http://r.sascdn.com/video/controller-vpaid.js?nwid=2451, line 621: NS_ERROR_NOT_INITIALIZED: 
JavaScript error: http://r.sascdn.com/video/controller-vpaid.js?nwid=2451, line 621: NS_ERROR_NOT_INITIALIZED: 
JavaScript error: http://r.sascdn.com/video/controller-vpaid.js?nwid=2451, line 621: NS_ERROR_NOT_INITIALIZED: 
JavaScript error: http://r.sascdn.com/video/controller-vpaid.js?nwid=2451, line 621: NS_ERROR_NOT_INITIALIZED: 
JavaScript error: http://r.sascdn.com/video/controller-vpaid.js?nwid=2451, line 621: NS_ERROR_NOT_INITIALIZED: 
JavaScript error: http://r.sascdn.com/video/controller-vpaid.js?nwid=2451, line 621: NS_ERROR_NOT_INITIALIZED: 
JavaScript error: http://r.sascdn.com/video/controller-vpaid.js?nwid=2451, line 621: NS_ERROR_NOT_INITIALIZED: 
JavaScript error: http://r.sascdn.com/video/controller-vpaid.js?nwid=2451, line 621: NS_ERROR_NOT_INITIALIZED: 
JavaScript error: http://r.sascdn.com/video/controller-vpaid.js?nwid=2451, line 621: NS_ERROR_NOT_INITIALIZED: 
JavaScript error: http://r.sascdn.com/video/controller-vpaid.js?nwid=2451, line 621: NS_ERROR_NOT_INITIALIZED: 
JavaScript error: http://r.sascdn.com/video/controller-vpaid.js?nwid=2451, line 621: NS_ERROR_NOT_INITIALIZED: 
JavaScript error: http://r.sascdn.com/video/controller-vpaid.js?nwid=2451, line 621: NS_ERROR_NOT_INITIALIZED: 
JavaScript error: http://r.sascdn.com/video/controller-vpaid.js?nwid=2451, line 621: NS_ERROR_NOT_INITIALIZED: 
JavaScript error: http://r.sascdn.com/video/controller-vpaid.js?nwid=2451, line 621: NS_ERROR_NOT_INITIALIZED: 
JavaScript error: http://r.sascdn.com/video/controller-vpaid.js?nwid=2451, line 621: NS_ERROR_NOT_INITIALIZED: 
JavaScript error: http://r.sascdn.com/video/controller-vpaid.js?nwid=2451, line 621: NS_ERROR_NOT_INITIALIZED: 
JavaScript error: http://r.sascdn.com/video/controller-vpaid.js?nwid=2451, line 621: NS_ERROR_NOT_INITIALIZED: 
JavaScript error: http://r.sascdn.com/video/controller-vpaid.js?nwid=2451, line 621: NS_ERROR_NOT_INITIALIZED: 
JavaScript error: http://r.sascdn.com/video/controller-vpaid.js?nwid=2451, line 621: NS_ERROR_NOT_INITIALIZED: 
JavaScript error: http://r.sascdn.com/video/controller-vpaid.js?nwid=2451, line 621: NS_ERROR_NOT_INITIALIZED: 
JavaScript error: http://r.sascdn.com/video/controller-vpaid.js?nwid=2451, line 621: NS_ERROR_NOT_INITIALIZED: 
JavaScript error: http://r.sascdn.com/video/controller-vpaid.js?nwid=2451, line 621: NS_ERROR_NOT_INITIALIZED: 
JavaScript error: http://r.sascdn.com/video/controller-vpaid.js?nwid=2451, line 621: NS_ERROR_NOT_INITIALIZED: 
JavaScript error: http://r.sascdn.com/video/controller-vpaid.js?nwid=2451, line 621: NS_ERROR_NOT_INITIALIZED: 
JavaScript error: http://r.sascdn.com/video/controller-vpaid.js?nwid=2451, line 621: NS_ERROR_NOT_INITIALIZED: 
JavaScript error: http://r.sascdn.com/video/controller-vpaid.js?nwid=2451, line 621: NS_ERROR_NOT_INITIALIZED: 
JavaScript error: http://r.sascdn.com/video/controller-vpaid.js?nwid=2451, line 621: NS_ERROR_NOT_INITIALIZED: 
JavaScript error: http://r.sascdn.com/video/controller-vpaid.js?nwid=2451, line 621: NS_ERROR_NOT_INITIALIZED: 
JavaScript error: http://r.sascdn.com/video/controller-vpaid.js?nwid=2451, line 621: NS_ERROR_NOT_INITIALIZED: 
JavaScript error: http://r.sascdn.com/video/controller-vpaid.js?nwid=2451, line 621: NS_ERROR_NOT_INITIALIZED: 
JavaScript error: http://r.sascdn.com/video/controller-vpaid.js?nwid=2451, line 621: NS_ERROR_NOT_INITIALIZED: 
JavaScript error: http://r.sascdn.com/video/controller-vpaid.js?nwid=2451, line 621: NS_ERROR_NOT_INITIALIZED: 
JavaScript error: http://r.sascdn.com/video/controller-vpaid.js?nwid=2451, line 621: NS_ERROR_NOT_INITIALIZED: 
JavaScript error: http://r.sascdn.com/video/controller-vpaid.js?nwid=2451, line 621: NS_ERROR_NOT_INITIALIZED: 
JavaScript error: http://r.sascdn.com/video/controller-vpaid.js?nwid=2451, line 621: NS_ERROR_NOT_INITIALIZED: 
JavaScript error: http://r.sascdn.com/video/controller-vpaid.js?nwid=2451, line 621: NS_ERROR_NOT_INITIALIZED: 
JavaScript error: http://r.sascdn.com/video/controller-vpaid.js?nwid=2451, line 621: NS_ERROR_NOT_INITIALIZED: 
JavaScript error: http://r.sascdn.com/video/controller-vpaid.js?nwid=2451, line 621: NS_ERROR_NOT_INITIALIZED: 
JavaScript error: http://r.sascdn.com/video/controller-vpaid.js?nwid=2451, line 621: NS_ERROR_NOT_INITIALIZED: 
JavaScript error: http://r.sascdn.com/video/controller-vpaid.js?nwid=2451, line 621: NS_ERROR_NOT_INITIALIZED: 
JavaScript error: http://r.sascdn.com/video/controller-vpaid.js?nwid=2451, line 621: NS_ERROR_NOT_INITIALIZED: 
JavaScript error: http://r.sascdn.com/video/controller-vpaid.js?nwid=2451, line 621: NS_ERROR_NOT_INITIALIZED: 
JavaScript error: http://r.sascdn.com/video/controller-vpaid.js?nwid=2451, line 621: NS_ERROR_NOT_INITIALIZED: 
JavaScript error: http://r.sascdn.com/video/controller-vpaid.js?nwid=2451, line 621: NS_ERROR_NOT_INITIALIZED: 
JavaScript error: http://r.sascdn.com/video/controller-vpaid.js?nwid=2451, line 621: NS_ERROR_NOT_INITIALIZED: 
JavaScript error: http://r.sascdn.com/video/controller-vpaid.js?nwid=2451, line 621: NS_ERROR_NOT_INITIALIZED: 
JavaScript error: http://r.sascdn.com/video/controller-vpaid.js?nwid=2451, line 621: NS_ERROR_NOT_INITIALIZED: 
JavaScript error: http://r.sascdn.com/video/controller-vpaid.js?nwid=2451, line 621: NS_ERROR_NOT_INITIALIZED: 
JavaScript error: http://r.sascdn.com/video/controller-vpaid.js?nwid=2451, line 621: NS_ERROR_NOT_INITIALIZED: 
JavaScript error: http://r.sascdn.com/video/controller-vpaid.js?nwid=2451, line 621: NS_ERROR_NOT_INITIALIZED: 
JavaScript error: http://r.sascdn.com/video/controller-vpaid.js?nwid=2451, line 621: NS_ERROR_NOT_INITIALIZED: 
JavaScript error: http://r.sascdn.com/video/controller-vpaid.js?nwid=2451, line 621: NS_ERROR_NOT_INITIALIZED: 
JavaScript error: http://r.sascdn.com/video/controller-vpaid.js?nwid=2451, line 621: NS_ERROR_NOT_INITIALIZED: 
JavaScript error: http://r.sascdn.com/video/controller-vpaid.js?nwid=2451, line 621: NS_ERROR_NOT_INITIALIZED: 
JavaScript error: http://r.sascdn.com/video/controller-vpaid.js?nwid=2451, line 621: NS_ERROR_NOT_INITIALIZED: 
JavaScript error: http://r.sascdn.com/video/controller-vpaid.js?nwid=2451, line 621: NS_ERROR_NOT_INITIALIZED: 
JavaScript error: http://r.sascdn.com/video/controller-vpaid.js?nwid=2451, line 621: NS_ERROR_NOT_INITIALIZED: 
JavaScript error: http://r.sascdn.com/video/controller-vpaid.js?nwid=2451, line 621: NS_ERROR_NOT_INITIALIZED: 
JavaScript error: http://r.sascdn.com/video/controller-vpaid.js?nwid=2451, line 621: NS_ERROR_NOT_INITIALIZED: 
JavaScript error: http://r.sascdn.com/video/controller-vpaid.js?nwid=2451, line 621: NS_ERROR_NOT_INITIALIZED: 
JavaScript error: http://r.sascdn.com/video/controller-vpaid.js?nwid=2451, line 621: NS_ERROR_NOT_INITIALIZED: 
JavaScript error: http://r.sascdn.com/video/controller-vpaid.js?nwid=2451, line 621: NS_ERROR_NOT_INITIALIZED: 
JavaScript error: http://r.sascdn.com/video/controller-vpaid.js?nwid=2451, line 621: NS_ERROR_NOT_INITIALIZED: 
JavaScript error: http://r.sascdn.com/video/controller-vpaid.js?nwid=2451, line 621: NS_ERROR_NOT_INITIALIZED: 
JavaScript error: http://r.sascdn.com/video/controller-vpaid.js?nwid=2451, line 621: NS_ERROR_NOT_INITIALIZED: 
JavaScript error: http://r.sascdn.com/video/controller-vpaid.js?nwid=2451, line 621: NS_ERROR_NOT_INITIALIZED: 
JavaScript error: http://r.sascdn.com/video/controller-vpaid.js?nwid=2451, line 621: NS_ERROR_NOT_INITIALIZED: 
JavaScript error: http://r.sascdn.com/video/controller-vpaid.js?nwid=2451, line 621: NS_ERROR_NOT_INITIALIZED: 
JavaScript error: http://r.sascdn.com/video/controller-vpaid.js?nwid=2451, line 621: NS_ERROR_NOT_INITIALIZED: 
JavaScript error: http://r.sascdn.com/video/controller-vpaid.js?nwid=2451, line 621: NS_ERROR_NOT_INITIALIZED: 
JavaScript error: http://r.sascdn.com/video/controller-vpaid.js?nwid=2451, line 621: NS_ERROR_NOT_INITIALIZED: 
JavaScript error: http://r.sascdn.com/video/controller-vpaid.js?nwid=2451, line 621: NS_ERROR_NOT_INITIALIZED: 
JavaScript error: http://r.sascdn.com/video/controller-vpaid.js?nwid=2451, line 621: NS_ERROR_NOT_INITIALIZED: 
JavaScript error: http://r.sascdn.com/video/controller-vpaid.js?nwid=2451, line 621: NS_ERROR_NOT_INITIALIZED: 
JavaScript error: http://r.sascdn.com/video/controller-vpaid.js?nwid=2451, line 621: NS_ERROR_NOT_INITIALIZED: 
JavaScript error: http://r.sascdn.com/video/controller-vpaid.js?nwid=2451, line 621: NS_ERROR_NOT_INITIALIZED: 
JavaScript error: http://r.sascdn.com/video/controller-vpaid.js?nwid=2451, line 621: NS_ERROR_NOT_INITIALIZED: 
JavaScript error: http://r.sascdn.com/video/controller-vpaid.js?nwid=2451, line 621: NS_ERROR_NOT_INITIALIZED: 
JavaScript error: http://r.sascdn.com/video/controller-vpaid.js?nwid=2451, line 621: NS_ERROR_NOT_INITIALIZED: 
JavaScript error: http://r.sascdn.com/video/controller-vpaid.js?nwid=2451, line 621: NS_ERROR_NOT_INITIALIZED: 
JavaScript error: http://r.sascdn.com/video/controller-vpaid.js?nwid=2451, line 621: NS_ERROR_NOT_INITIALIZED: 
JavaScript error: http://r.sascdn.com/video/controller-vpaid.js?nwid=2451, line 621: NS_ERROR_NOT_INITIALIZED: 
JavaScript error: http://r.sascdn.com/video/controller-vpaid.js?nwid=2451, line 621: NS_ERROR_NOT_INITIALIZED: 
JavaScript error: http://r.sascdn.com/video/controller-vpaid.js?nwid=2451, line 621: NS_ERROR_NOT_INITIALIZED: 
JavaScript error: http://r.sascdn.com/video/controller-vpaid.js?nwid=2451, line 621: NS_ERROR_NOT_INITIALIZED: 
JavaScript error: http://r.sascdn.com/video/controller-vpaid.js?nwid=2451, line 621: NS_ERROR_NOT_INITIALIZED: 
JavaScript error: http://r.sascdn.com/video/controller-vpaid.js?nwid=2451, line 621: NS_ERROR_NOT_INITIALIZED: 
JavaScript error: http://r.sascdn.com/video/controller-vpaid.js?nwid=2451, line 621: NS_ERROR_NOT_INITIALIZED: 
JavaScript error: http://r.sascdn.com/video/controller-vpaid.js?nwid=2451, line 621: NS_ERROR_NOT_INITIALIZED: 
JavaScript error: http://r.sascdn.com/video/controller-vpaid.js?nwid=2451, line 621: NS_ERROR_NOT_INITIALIZED: 
JavaScript error: http://r.sascdn.com/video/controller-vpaid.js?nwid=2451, line 621: NS_ERROR_NOT_INITIALIZED: 
JavaScript error: http://r.sascdn.com/video/controller-vpaid.js?nwid=2451, line 621: NS_ERROR_NOT_INITIALIZED: 
JavaScript error: http://r.sascdn.com/video/controller-vpaid.js?nwid=2451, line 621: NS_ERROR_NOT_INITIALIZED: 
JavaScript error: http://r.sascdn.com/video/controller-vpaid.js?nwid=2451, line 621: NS_ERROR_NOT_INITIALIZED: 
JavaScript error: http://r.sascdn.com/video/controller-vpaid.js?nwid=2451, line 621: NS_ERROR_NOT_INITIALIZED: 
JavaScript error: http://r.sascdn.com/video/controller-vpaid.js?nwid=2451, line 621: NS_ERROR_NOT_INITIALIZED: 
JavaScript error: http://r.sascdn.com/video/controller-vpaid.js?nwid=2451, line 621: NS_ERROR_NOT_INITIALIZED: 
JavaScript error: http://r.sascdn.com/video/controller-vpaid.js?nwid=2451, line 621: NS_ERROR_NOT_INITIALIZED: 
JavaScript error: http://r.sascdn.com/video/controller-vpaid.js?nwid=2451, line 621: NS_ERROR_NOT_INITIALIZED: 
JavaScript error: http://r.sascdn.com/video/controller-vpaid.js?nwid=2451, line 621: NS_ERROR_NOT_INITIALIZED: 
JavaScript error: http://r.sascdn.com/video/controller-vpaid.js?nwid=2451, line 621: NS_ERROR_NOT_INITIALIZED: 
JavaScript error: http://r.sascdn.com/video/controller-vpaid.js?nwid=2451, line 621: NS_ERROR_NOT_INITIALIZED: 
JavaScript error: http://r.sascdn.com/video/controller-vpaid.js?nwid=2451, line 621: NS_ERROR_NOT_INITIALIZED: 
JavaScript error: http://r.sascdn.com/video/controller-vpaid.js?nwid=2451, line 621: NS_ERROR_NOT_INITIALIZED: 
JavaScript error: http://r.sascdn.com/video/controller-vpaid.js?nwid=2451, line 621: NS_ERROR_NOT_INITIALIZED: 
JavaScript error: http://r.sascdn.com/video/controller-vpaid.js?nwid=2451, line 621: NS_ERROR_NOT_INITIALIZED: 
JavaScript error: http://r.sascdn.com/video/controller-vpaid.js?nwid=2451, line 621: NS_ERROR_NOT_INITIALIZED: 
JavaScript error: http://r.sascdn.com/video/controller-vpaid.js?nwid=2451, line 621: NS_ERROR_NOT_INITIALIZED: 
JavaScript error: http://r.sascdn.com/video/controller-vpaid.js?nwid=2451, line 621: NS_ERROR_NOT_INITIALIZED: 
JavaScript error: http://r.sascdn.com/video/controller-vpaid.js?nwid=2451, line 621: NS_ERROR_NOT_INITIALIZED: 
JavaScript error: http://r.sascdn.com/video/controller-vpaid.js?nwid=2451, line 621: NS_ERROR_NOT_INITIALIZED: 
JavaScript error: http://r.sascdn.com/video/controller-vpaid.js?nwid=2451, line 621: NS_ERROR_NOT_INITIALIZED: 
JavaScript error: http://r.sascdn.com/video/controller-vpaid.js?nwid=2451, line 621: NS_ERROR_NOT_INITIALIZED: 
JavaScript error: http://r.sascdn.com/video/controller-vpaid.js?nwid=2451, line 621: NS_ERROR_NOT_INITIALIZED: 
JavaScript error: http://r.sascdn.com/video/controller-vpaid.js?nwid=2451, line 621: NS_ERROR_NOT_INITIALIZED: 
JavaScript error: http://r.sascdn.com/video/controller-vpaid.js?nwid=2451, line 621: NS_ERROR_NOT_INITIALIZED: 
JavaScript error: http://r.sascdn.com/video/controller-vpaid.js?nwid=2451, line 621: NS_ERROR_NOT_INITIALIZED: 
JavaScript error: http://r.sascdn.com/video/controller-vpaid.js?nwid=2451, line 621: NS_ERROR_NOT_INITIALIZED: 
JavaScript error: http://r.sascdn.com/video/controller-vpaid.js?nwid=2451, line 621: NS_ERROR_NOT_INITIALIZED: 
JavaScript error: http://r.sascdn.com/video/controller-vpaid.js?nwid=2451, line 621: NS_ERROR_NOT_INITIALIZED: 
JavaScript error: http://r.sascdn.com/video/controller-vpaid.js?nwid=2451, line 621: NS_ERROR_NOT_INITIALIZED: 
JavaScript error: http://r.sascdn.com/video/controller-vpaid.js?nwid=2451, line 621: NS_ERROR_NOT_INITIALIZED: 
JavaScript error: http://r.sascdn.com/video/controller-vpaid.js?nwid=2451, line 621: NS_ERROR_NOT_INITIALIZED: 
JavaScript error: http://r.sascdn.com/video/controller-vpaid.js?nwid=2451, line 621: NS_ERROR_NOT_INITIALIZED: 
JavaScript error: http://r.sascdn.com/video/controller-vpaid.js?nwid=2451, line 621: NS_ERROR_NOT_INITIALIZED: 
JavaScript error: http://r.sascdn.com/video/controller-vpaid.js?nwid=2451, line 621: NS_ERROR_NOT_INITIALIZED: 
JavaScript error: http://r.sascdn.com/video/controller-vpaid.js?nwid=2451, line 621: NS_ERROR_NOT_INITIALIZED: 
JavaScript error: http://r.sascdn.com/video/controller-vpaid.js?nwid=2451, line 621: NS_ERROR_NOT_INITIALIZED: 
JavaScript error: http://r.sascdn.com/video/controller-vpaid.js?nwid=2451, line 621: NS_ERROR_NOT_INITIALIZED: 
JavaScript error: http://r.sascdn.com/video/controller-vpaid.js?nwid=2451, line 621: NS_ERROR_NOT_INITIALIZED: 
JavaScript error: http://r.sascdn.com/video/controller-vpaid.js?nwid=2451, line 621: NS_ERROR_NOT_INITIALIZED: 
JavaScript error: http://r.sascdn.com/video/controller-vpaid.js?nwid=2451, line 621: NS_ERROR_NOT_INITIALIZED: 
JavaScript error: http://r.sascdn.com/video/controller-vpaid.js?nwid=2451, line 621: NS_ERROR_NOT_INITIALIZED: 
JavaScript error: http://r.sascdn.com/video/controller-vpaid.js?nwid=2451, line 621: NS_ERROR_NOT_INITIALIZED: 
JavaScript error: http://r.sascdn.com/video/controller-vpaid.js?nwid=2451, line 621: NS_ERROR_NOT_INITIALIZED: 
JavaScript error: http://r.sascdn.com/video/controller-vpaid.js?nwid=2451, line 621: NS_ERROR_NOT_INITIALIZED: 
JavaScript error: http://r.sascdn.com/video/controller-vpaid.js?nwid=2451, line 621: NS_ERROR_NOT_INITIALIZED: 
JavaScript error: http://r.sascdn.com/video/controller-vpaid.js?nwid=2451, line 621: NS_ERROR_NOT_INITIALIZED: 
JavaScript error: http://r.sascdn.com/video/controller-vpaid.js?nwid=2451, line 621: NS_ERROR_NOT_INITIALIZED: 
JavaScript error: http://r.sascdn.com/video/controller-vpaid.js?nwid=2451, line 621: NS_ERROR_NOT_INITIALIZED: 
JavaScript error: http://r.sascdn.com/video/controller-vpaid.js?nwid=2451, line 621: NS_ERROR_NOT_INITIALIZED: 
JavaScript error: http://r.sascdn.com/video/controller-vpaid.js?nwid=2451, line 621: NS_ERROR_NOT_INITIALIZED: 
JavaScript error: http://r.sascdn.com/video/controller-vpaid.js?nwid=2451, line 621: NS_ERROR_NOT_INITIALIZED: 
JavaScript error: http://r.sascdn.com/video/controller-vpaid.js?nwid=2451, line 621: NS_ERROR_NOT_INITIALIZED: 
JavaScript error: http://r.sascdn.com/video/controller-vpaid.js?nwid=2451, line 621: NS_ERROR_NOT_INITIALIZED: 
JavaScript error: http://r.sascdn.com/video/controller-vpaid.js?nwid=2451, line 621: NS_ERROR_NOT_INITIALIZED: 
JavaScript error: http://r.sascdn.com/video/controller-vpaid.js?nwid=2451, line 621: NS_ERROR_NOT_INITIALIZED: 
JavaScript error: http://r.sascdn.com/video/controller-vpaid.js?nwid=2451, line 621: NS_ERROR_NOT_INITIALIZED: 
JavaScript error: http://r.sascdn.com/video/controller-vpaid.js?nwid=2451, line 621: NS_ERROR_NOT_INITIALIZED: 
JavaScript error: http://r.sascdn.com/video/controller-vpaid.js?nwid=2451, line 621: NS_ERROR_NOT_INITIALIZED: 
JavaScript error: http://r.sascdn.com/video/controller-vpaid.js?nwid=2451, line 621: NS_ERROR_NOT_INITIALIZED: 
JavaScript error: http://r.sascdn.com/video/controller-vpaid.js?nwid=2451, line 621: NS_ERROR_NOT_INITIALIZED: 
JavaScript error: http://r.sascdn.com/video/controller-vpaid.js?nwid=2451, line 621: NS_ERROR_NOT_INITIALIZED: 
JavaScript error: http://r.sascdn.com/video/controller-vpaid.js?nwid=2451, line 621: NS_ERROR_NOT_INITIALIZED: 
JavaScript error: http://r.sascdn.com/video/controller-vpaid.js?nwid=2451, line 621: NS_ERROR_NOT_INITIALIZED: 
JavaScript error: http://r.sascdn.com/video/controller-vpaid.js?nwid=2451, line 621: NS_ERROR_NOT_INITIALIZED: 
JavaScript error: http://r.sascdn.com/video/controller-vpaid.js?nwid=2451, line 621: NS_ERROR_NOT_INITIALIZED: 
JavaScript error: http://r.sascdn.com/video/controller-vpaid.js?nwid=2451, line 621: NS_ERROR_NOT_INITIALIZED: 
JavaScript error: http://r.sascdn.com/video/controller-vpaid.js?nwid=2451, line 621: NS_ERROR_NOT_INITIALIZED: 
JavaScript error: http://r.sascdn.com/video/controller-vpaid.js?nwid=2451, line 621: NS_ERROR_NOT_INITIALIZED: 
JavaScript error: http://r.sascdn.com/video/controller-vpaid.js?nwid=2451, line 621: NS_ERROR_NOT_INITIALIZED: 
JavaScript error: http://r.sascdn.com/video/controller-vpaid.js?nwid=2451, line 621: NS_ERROR_NOT_INITIALIZED: 
JavaScript error: http://r.sascdn.com/video/controller-vpaid.js?nwid=2451, line 621: NS_ERROR_NOT_INITIALIZED: 
JavaScript error: http://r.sascdn.com/video/controller-vpaid.js?nwid=2451, line 621: NS_ERROR_NOT_INITIALIZED: 
JavaScript error: http://r.sascdn.com/video/controller-vpaid.js?nwid=2451, line 621: NS_ERROR_NOT_INITIALIZED: 
JavaScript error: http://r.sascdn.com/video/controller-vpaid.js?nwid=2451, line 621: NS_ERROR_NOT_INITIALIZED: 
JavaScript error: http://r.sascdn.com/video/controller-vpaid.js?nwid=2451, line 621: NS_ERROR_NOT_INITIALIZED: 
JavaScript error: http://r.sascdn.com/video/controller-vpaid.js?nwid=2451, line 621: NS_ERROR_NOT_INITIALIZED: 
JavaScript error: http://r.sascdn.com/video/controller-vpaid.js?nwid=2451, line 621: NS_ERROR_NOT_INITIALIZED: 
JavaScript error: http://r.sascdn.com/video/controller-vpaid.js?nwid=2451, line 541: NS_ERROR_NOT_INITIALIZED: 
2017-07-10 15:07:12.637 firefox-bin[61746:15554163] IMKInputSession presentFunctionRowItemTextInputViewWithEndpoint:completionHandler: : [self textInputContext]=0x123d4c040 *NO* NSRemoteViewController to client, NSError=Error Domain=NSCocoaErrorDomain Code=4097 "connection from pid 0" UserInfo={NSDebugDescription=connection from pid 0}, com.apple.inputmethod.EmojiFunctionRowItem
1499726713957	geckodriver	INFO	Listening on 127.0.0.1:51767
1499726715012	geckodriver::marionette	INFO	Starting browser /Applications/Firefox.app/Contents/MacOS/firefox-bin with args ["-marionette"]
1499726716684	Marionette	INFO	Listening on port 51776
1499726716765	Marionette	WARN	TLS certificate errors will be ignored for this session
1499726716885	Marionette	DEBUG	loaded listener.js
1499726716908	Marionette	DEBUG	Received DOM event "beforeunload" for "about:blank"
2017-07-11 08:45:16.949 plugin-container[11790:18855038] *** CFMessagePort: bootstrap_register(): failed 1100 (0x44c) 'Permission denied', port = 0x9e3b, name = 'com.apple.tsm.portname'
See /usr/include/servers/bootstrap_defs.h for the error codes.
2017-07-11 08:45:16.951 plugin-container[11790:18855038] *** CFMessagePort: bootstrap_register(): failed 1100 (0x44c) 'Permission denied', port = 0xa103, name = 'com.apple.CFPasteboardClient'
See /usr/include/servers/bootstrap_defs.h for the error codes.
1499726716957	Marionette	DEBUG	Received DOM event "pagehide" for "about:blank"
1499726716957	Marionette	DEBUG	Received DOM event "unload" for "about:blank"
1499726716961	Marionette	DEBUG	Received DOM event "DOMContentLoaded" for "http://localhost:5000/"
1499726717007	Marionette	DEBUG	Received DOM event "pageshow" for "http://localhost:5000/"
2017-07-11 08:45:21.230 firefox-bin[11788:18854869] IMKInputSession presentFunctionRowItemTextInputViewWithEndpoint:completionHandler: : [self textInputContext]=0x12896b040 *NO* NSRemoteViewController to client, NSError=Error Domain=NSCocoaErrorDomain Code=4097 "connection from pid 0" UserInfo={NSDebugDescription=connection from pid 0}, com.apple.inputmethod.EmojiFunctionRowItem
*************************
A coding exception was thrown and uncaught in a Task.

Full message: TypeError: NetworkError when attempting to fetch resource.
Full stack: 
*************************
2017-07-11 08:56:49.255 firefox-bin[11788:18854869] IMKInputSession presentFunctionRowItemTextInputViewWithEndpoint:completionHandler: : [self textInputContext]=0x12896b040 *NO* NSRemoteViewController to client, NSError=Error Domain=NSCocoaErrorDomain Code=4097 "connection from pid 0" UserInfo={NSDebugDescription=connection from pid 0}, com.apple.inputmethod.EmojiFunctionRowItem
2017-07-11 08:58:48.645 firefox-bin[11788:18854869] IMKInputSession presentFunctionRowItemTextInputViewWithEndpoint:completionHandler: : [self textInputContext]=0x12896b040 *NO* NSRemoteViewController to client, NSError=Error Domain=NSCocoaErrorDomain Code=4097 "connection from pid 0" UserInfo={NSDebugDescription=connection from pid 0}, com.apple.inputmethod.EmojiFunctionRowItem
2017-07-11 09:13:39.792 firefox-bin[11788:18854869] IMKInputSession presentFunctionRowItemTextInputViewWithEndpoint:completionHandler: : [self textInputContext]=0x0 *NO* NSRemoteViewController to client, NSError=Error Domain=NSCocoaErrorDomain Code=4097 "connection from pid 0" UserInfo={NSDebugDescription=connection from pid 0}, com.apple.inputmethod.EmojiFunctionRowItem
2017-07-11 09:13:39.848 firefox-bin[11788:18854869] IMKInputSession presentFunctionRowItemTextInputViewWithEndpoint:completionHandler: : [self textInputContext]=0x12896b040 *NO* NSRemoteViewController to client, NSError=Error Domain=NSCocoaErrorDomain Code=4097 "connection from pid 0" UserInfo={NSDebugDescription=connection from pid 0}, com.apple.inputmethod.EmojiFunctionRowItem
2017-07-11 09:21:51.793 firefox-bin[11788:18854869] IMKInputSession presentFunctionRowItemTextInputViewWithEndpoint:completionHandler: : [self textInputContext]=0x12896b040 *NO* NSRemoteViewController to client, NSError=Error Domain=NSCocoaErrorDomain Code=4097 "connection from pid 0" UserInfo={NSDebugDescription=connection from pid 0}, com.apple.inputmethod.EmojiFunctionRowItem
2017-07-11 09:21:56.318 firefox-bin[11788:18854869] IMKInputSession presentFunctionRowItemTextInputViewWithEndpoint:completionHandler: : [self textInputContext]=0x12896b040 *NO* NSRemoteViewController to client, NSError=Error Domain=NSCocoaErrorDomain Code=4097 "connection from pid 0" UserInfo={NSDebugDescription=connection from pid 0}, com.apple.inputmethod.EmojiFunctionRowItem
2017-07-11 09:22:10.266 firefox-bin[11788:18854869] IMKInputSession presentFunctionRowItemTextInputViewWithEndpoint:completionHandler: : [self textInputContext]=0x12896b040 *NO* NSRemoteViewController to client, NSError=Error Domain=NSCocoaErrorDomain Code=4097 "connection from pid 0" UserInfo={NSDebugDescription=connection from pid 0}, com.apple.inputmethod.EmojiFunctionRowItem
2017-07-11 09:22:17.635 firefox-bin[11788:18854869] IMKInputSession presentFunctionRowItemTextInputViewWithEndpoint:completionHandler: : [self textInputContext]=0x12896b040 *NO* NSRemoteViewController to client, NSError=Error Domain=NSCocoaErrorDomain Code=4097 "connection from pid 0" UserInfo={NSDebugDescription=connection from pid 0}, com.apple.inputmethod.EmojiFunctionRowItem
2017-07-11 09:22:24.520 firefox-bin[11788:18854869] IMKInputSession presentFunctionRowItemTextInputViewWithEndpoint:completionHandler: : [self textInputContext]=0x12896b040 *NO* NSRemoteViewController to client, NSError=Error Domain=NSCocoaErrorDomain Code=4097 "connection from pid 0" UserInfo={NSDebugDescription=connection from pid 0}, com.apple.inputmethod.EmojiFunctionRowItem
2017-07-11 09:22:34.925 firefox-bin[11788:18854869] IMKInputSession presentFunctionRowItemTextInputViewWithEndpoint:completionHandler: : [self textInputContext]=0x12896b040 *NO* NSRemoteViewController to client, NSError=Error Domain=NSCocoaErrorDomain Code=4097 "connection from pid 0" UserInfo={NSDebugDescription=connection from pid 0}, com.apple.inputmethod.EmojiFunctionRowItem
2017-07-11 09:23:05.984 firefox-bin[11788:18854869] IMKInputSession presentFunctionRowItemTextInputViewWithEndpoint:completionHandler: : [self textInputContext]=0x0 *NO* NSRemoteViewController to client, NSError=Error Domain=NSCocoaErrorDomain Code=4097 "connection from pid 0" UserInfo={NSDebugDescription=connection from pid 0}, com.apple.inputmethod.EmojiFunctionRowItem
2017-07-11 09:23:06.029 firefox-bin[11788:18854869] IMKInputSession presentFunctionRowItemTextInputViewWithEndpoint:completionHandler: : [self textInputContext]=0x12896b040 *NO* NSRemoteViewController to client, NSError=Error Domain=NSCocoaErrorDomain Code=4097 "connection from pid 0" UserInfo={NSDebugDescription=connection from pid 0}, com.apple.inputmethod.EmojiFunctionRowItem
2017-07-11 09:23:07.046 firefox-bin[11788:18854869] IMKInputSession presentFunctionRowItemTextInputViewWithEndpoint:completionHandler: : [self textInputContext]=0x12896b040 *NO* NSRemoteViewController to client, NSError=Error Domain=NSCocoaErrorDomain Code=4097 "connection from pid 0" UserInfo={NSDebugDescription=connection from pid 0}, com.apple.inputmethod.EmojiFunctionRowItem
2017-07-11 09:23:44.705 firefox-bin[11788:18854869] IMKInputSession presentFunctionRowItemTextInputViewWithEndpoint:completionHandler: : [self textInputContext]=0x12896b040 *NO* NSRemoteViewController to client, NSError=Error Domain=NSCocoaErrorDomain Code=4097 "connection from pid 0" UserInfo={NSDebugDescription=connection from pid 0}, com.apple.inputmethod.EmojiFunctionRowItem
2017-07-11 09:23:53.874 firefox-bin[11788:18854869] IMKInputSession presentFunctionRowItemTextInputViewWithEndpoint:completionHandler: : [self textInputContext]=0x12896b040 *NO* NSRemoteViewController to client, NSError=Error Domain=NSCocoaErrorDomain Code=4097 "connection from pid 0" UserInfo={NSDebugDescription=connection from pid 0}, com.apple.inputmethod.EmojiFunctionRowItem
2017-07-11 09:26:30.673 firefox-bin[11788:18854869] IMKInputSession presentFunctionRowItemTextInputViewWithEndpoint:completionHandler: : [self textInputContext]=0x12896b040 *NO* NSRemoteViewController to client, NSError=Error Domain=NSCocoaErrorDomain Code=4097 "connection from pid 0" UserInfo={NSDebugDescription=connection from pid 0}, com.apple.inputmethod.EmojiFunctionRowItem
2017-07-11 09:26:37.361 firefox-bin[11788:18854869] IMKInputSession presentFunctionRowItemTextInputViewWithEndpoint:completionHandler: : [self textInputContext]=0x122152340 *NO* NSRemoteViewController to client, NSError=Error Domain=NSCocoaErrorDomain Code=4097 "connection from pid 0" UserInfo={NSDebugDescription=connection from pid 0}, com.apple.inputmethod.EmojiFunctionRowItem
2017-07-11 09:26:37.431 firefox-bin[11788:18854869] IMKInputSession presentFunctionRowItemTextInputViewWithEndpoint:completionHandler: : [self textInputContext]=0x122152340 *NO* NSRemoteViewController to client, NSError=Error Domain=NSCocoaErrorDomain Code=4097 "connection from pid 0" UserInfo={NSDebugDescription=connection from pid 0}, com.apple.inputmethod.EmojiFunctionRowItem
2017-07-11 09:26:37.658 plugin-container[12699:19001566] *** CFMessagePort: bootstrap_register(): failed 1100 (0x44c) 'Permission denied', port = 0x9c3b, name = 'com.apple.tsm.portname'
See /usr/include/servers/bootstrap_defs.h for the error codes.
2017-07-11 09:26:37.661 plugin-container[12699:19001566] *** CFMessagePort: bootstrap_register(): failed 1100 (0x44c) 'Permission denied', port = 0x9f03, name = 'com.apple.CFPasteboardClient'
See /usr/include/servers/bootstrap_defs.h for the error codes.
2017-07-11 09:26:39.364 firefox-bin[11788:18854869] IMKInputSession presentFunctionRowItemTextInputViewWithEndpoint:completionHandler: : [self textInputContext]=0x122152340 *NO* NSRemoteViewController to client, NSError=Error Domain=NSCocoaErrorDomain Code=4097 "connection from pid 0" UserInfo={NSDebugDescription=connection from pid 0}, com.apple.inputmethod.EmojiFunctionRowItem
1499729199597	Marionette	INFO	Ceased listening
2017-07-11 09:26:41.235 firefox-bin[61746:15554163] IMKInputSession presentFunctionRowItemTextInputViewWithEndpoint:completionHandler: : [self textInputContext]=0x1141232e0 *NO* NSRemoteViewController to client, NSError=Error Domain=NSCocoaErrorDomain Code=4097 "connection from pid 0" UserInfo={NSDebugDescription=connection from pid 0}, com.apple.inputmethod.EmojiFunctionRowItem
2017-07-11 09:26:41.275 firefox-bin[61746:15554163] IMKInputSession presentFunctionRowItemTextInputViewWithEndpoint:completionHandler: : [self textInputContext]=0x1141232e0 *NO* NSRemoteViewController to client, NSError=Error Domain=NSCocoaErrorDomain Code=4097 "connection from pid 0" UserInfo={NSDebugDescription=connection from pid 0}, com.apple.inputmethod.EmojiFunctionRowItem
2017-07-11 09:26:41.528 plugin-container[12708:19002563] *** CFMessagePort: bootstrap_register(): failed 1100 (0x44c) 'Permission denied', port = 0x9c37, name = 'com.apple.tsm.portname'
See /usr/include/servers/bootstrap_defs.h for the error codes.
2017-07-11 09:26:41.530 plugin-container[12708:19002563] *** CFMessagePort: bootstrap_register(): failed 1100 (0x44c) 'Permission denied', port = 0x9f03, name = 'com.apple.CFPasteboardClient'
See /usr/include/servers/bootstrap_defs.h for the error codes.
2017-07-11 09:26:43.338 firefox-bin[61746:15554163] IMKInputSession presentFunctionRowItemTextInputViewWithEndpoint:completionHandler: : [self textInputContext]=0x1141232e0 *NO* NSRemoteViewController to client, NSError=Error Domain=NSCocoaErrorDomain Code=4097 "connection from pid 0" UserInfo={NSDebugDescription=connection from pid 0}, com.apple.inputmethod.EmojiFunctionRowItem
1499729203581	Marionette	INFO	Ceased listening
1499732218660	geckodriver	INFO	Listening on 127.0.0.1:56656
1499732219714	geckodriver::marionette	INFO	Starting browser /Applications/Firefox.app/Contents/MacOS/firefox-bin with args ["-marionette"]
1499732221342	Marionette	INFO	Listening on port 56665
1499732221411	Marionette	WARN	TLS certificate errors will be ignored for this session
1499732221552	Marionette	DEBUG	loaded listener.js
1499732221576	Marionette	DEBUG	Received DOM event "beforeunload" for "about:blank"
2017-07-11 10:17:01.621 plugin-container[14267:19383817] *** CFMessagePort: bootstrap_register(): failed 1100 (0x44c) 'Permission denied', port = 0x9c37, name = 'com.apple.tsm.portname'
See /usr/include/servers/bootstrap_defs.h for the error codes.
2017-07-11 10:17:01.623 plugin-container[14267:19383817] *** CFMessagePort: bootstrap_register(): failed 1100 (0x44c) 'Permission denied', port = 0x9f03, name = 'com.apple.CFPasteboardClient'
See /usr/include/servers/bootstrap_defs.h for the error codes.
1499732221630	Marionette	DEBUG	Received DOM event "pagehide" for "about:blank"
1499732221630	Marionette	DEBUG	Received DOM event "unload" for "about:blank"
1499732221634	Marionette	DEBUG	Received DOM event "DOMContentLoaded" for "http://localhost:5000/"
1499732221687	Marionette	DEBUG	Received DOM event "pageshow" for "http://localhost:5000/"
2017-07-11 10:17:06.187 firefox-bin[14265:19383635] IMKInputSession presentFunctionRowItemTextInputViewWithEndpoint:completionHandler: : [self textInputContext]=0x1244d0d00 *NO* NSRemoteViewController to client, NSError=Error Domain=NSCocoaErrorDomain Code=4097 "connection from pid 0" UserInfo={NSDebugDescription=connection from pid 0}, com.apple.inputmethod.EmojiFunctionRowItem
1499732251786	geckodriver	INFO	Listening on 127.0.0.1:56720
1499732252833	geckodriver::marionette	INFO	Starting browser /Applications/Firefox.app/Contents/MacOS/firefox-bin with args ["-marionette"]
1499732254438	Marionette	INFO	Listening on port 56729
1499732254496	Marionette	WARN	TLS certificate errors will be ignored for this session
1499732254663	Marionette	DEBUG	loaded listener.js
1499732254687	Marionette	DEBUG	Received DOM event "beforeunload" for "about:blank"
1499732254716	Marionette	DEBUG	Received DOM event "pagehide" for "about:blank"
1499732254716	Marionette	DEBUG	Received DOM event "unload" for "about:blank"
1499732254721	Marionette	DEBUG	Received DOM event "DOMContentLoaded" for "http://localhost:5000/"
2017-07-11 10:17:34.743 plugin-container[14294:19388482] *** CFMessagePort: bootstrap_register(): failed 1100 (0x44c) 'Permission denied', port = 0x9d3b, name = 'com.apple.tsm.portname'
See /usr/include/servers/bootstrap_defs.h for the error codes.
2017-07-11 10:17:34.746 plugin-container[14294:19388482] *** CFMessagePort: bootstrap_register(): failed 1100 (0x44c) 'Permission denied', port = 0xa003, name = 'com.apple.CFPasteboardClient'
See /usr/include/servers/bootstrap_defs.h for the error codes.
1499732254774	Marionette	DEBUG	Received DOM event "pageshow" for "http://localhost:5000/"
1499732256601	Marionette	INFO	Ceased listening
*************************
A coding exception was thrown and uncaught in a Task.

Full message: TypeError: NetworkError when attempting to fetch resource.
Full stack: 
*************************
